\BOOKMARK [0][]{theabsanchor-swedish.0}{Sammanfattning}{}% 1
\BOOKMARK [0][]{theabsanchor-english.0}{Abstract}{}% 2
\BOOKMARK [0][]{theackanchor.0}{Acknowledgments}{}% 3
\BOOKMARK [0][]{thetocanchor.0}{Contents}{}% 4
\BOOKMARK [0][]{section*.7}{Notation}{}% 5
\BOOKMARK [0][]{chapter.1}{1 Introduction}{}% 6
\BOOKMARK [0][]{chapter.2}{2 Background and Context}{}% 7
\BOOKMARK [1][-]{section.2.1}{2.1 A two page crash course in neural networks}{chapter.2}% 8
\BOOKMARK [1][-]{section.2.2}{2.2 Advances in Images Enhancement}{chapter.2}% 9
\BOOKMARK [2][-]{subsection.2.2.1}{2.2.1 Color improvement}{section.2.2}% 10
\BOOKMARK [2][-]{subsection.2.2.2}{2.2.2 Super resolution}{section.2.2}% 11
\BOOKMARK [1][-]{section.2.3}{2.3 Tricks of the trade}{chapter.2}% 12
\BOOKMARK [2][-]{subsection.2.3.1}{2.3.1 Deep supervision}{section.2.3}% 13
\BOOKMARK [0][]{chapter.3}{3 Results}{}% 14
\BOOKMARK [1][-]{section.3.1}{3.1 Section 1}{chapter.3}% 15
\BOOKMARK [1][-]{section.3.2}{3.2 Section 2}{chapter.3}% 16
\BOOKMARK [1][-]{section.1.3.A}{3.A Chapter-Appendix}{chapter.3}% 17
\BOOKMARK [0][]{chapter.4}{4 Avslutande kommentarer}{}% 18
\BOOKMARK [0][]{appendix.A}{A Trista saker}{}% 19
\BOOKMARK [1][-]{section.A.1}{A.1 Appendix stuff 1}{appendix.A}% 20
\BOOKMARK [1][-]{section.A.2}{A.2 Appendix stuff 2}{appendix.A}% 21
\BOOKMARK [0][]{appendix.B}{B rtthesis documentation and LaTeX tips}{}% 22
\BOOKMARK [1][-]{section.B.1}{B.1 Basic setup}{appendix.B}% 23
\BOOKMARK [1][-]{section.B.2}{B.2 Page layout and related options}{appendix.B}% 24
\BOOKMARK [1][-]{section.B.3}{B.3 Front-matter environments}{appendix.B}% 25
\BOOKMARK [1][-]{section.B.4}{B.4 Abbreviations}{appendix.B}% 26
\BOOKMARK [1][-]{section.B.5}{B.5 Definitions}{appendix.B}% 27
\BOOKMARK [1][-]{section.B.6}{B.6 Theorem titles}{appendix.B}% 28
\BOOKMARK [1][-]{section.B.7}{B.7 To share or not to share counters}{appendix.B}% 29
\BOOKMARK [1][-]{section.B.8}{B.8 Completely customized theorem-like environments}{appendix.B}% 30
\BOOKMARK [1][-]{section.B.9}{B.9 The example environment}{appendix.B}% 31
\BOOKMARK [1][-]{section.B.10}{B.10 Captions}{appendix.B}% 32
\BOOKMARK [1][-]{section.B.11}{B.11 Hyperlinks}{appendix.B}% 33
\BOOKMARK [2][-]{subsection.B.11.1}{B.11.1 Basic setup}{section.B.11}% 34
\BOOKMARK [2][-]{subsection.B.11.2}{B.11.2 Hyperlinks and electronic publishing}{section.B.11}% 35
\BOOKMARK [2][-]{subsection.B.11.3}{B.11.3 Page number formatting in the index}{section.B.11}% 36
\BOOKMARK [2][-]{subsection.B.11.4}{B.11.4 Friendlier hyperlinks}{section.B.11}% 37
\BOOKMARK [1][-]{section.B.12}{B.12 Backreferences from the bibliography}{appendix.B}% 38
\BOOKMARK [1][-]{section.B.13}{B.13 Using the bibentry package}{appendix.B}% 39
\BOOKMARK [1][-]{section.B.14}{B.14 Fonts}{appendix.B}% 40
\BOOKMARK [1][-]{section.B.15}{B.15 Hanging punctuation}{appendix.B}% 41
\BOOKMARK [1][-]{section.B.16}{B.16 Paragraph breaks}{appendix.B}% 42
\BOOKMARK [1][-]{section.B.17}{B.17 Page breaks}{appendix.B}% 43
\BOOKMARK [1][-]{section.B.18}{B.18 Input encoding}{appendix.B}% 44
\BOOKMARK [1][-]{section.B.19}{B.19 rtthesis and natbib}{appendix.B}% 45
\BOOKMARK [1][-]{section.B.20}{B.20 The lists of previous theses}{appendix.B}% 46
\BOOKMARK [1][-]{section.B.21}{B.21 Compilation theses}{appendix.B}% 47
\BOOKMARK [2][-]{subsection.B.21.1}{B.21.1 Including publications in your thesis}{section.B.21}% 48
\BOOKMARK [2][-]{subsection.B.21.2}{B.21.2 Compilation theses and bibliographies}{section.B.21}% 49
\BOOKMARK [1][-]{section.B.22}{B.22 Master's theses}{appendix.B}% 50
\BOOKMARK [2][-]{subsection.B.22.1}{B.22.1 Master's thesis setup}{section.B.22}% 51
\BOOKMARK [2][-]{subsection.B.22.2}{B.22.2 Special pages}{section.B.22}% 52
\BOOKMARK [2][-]{subsection.B.22.3}{B.22.3 Choice of language}{section.B.22}% 53
\BOOKMARK [1][-]{section.B.23}{B.23 Compiling the document}{appendix.B}% 54
\BOOKMARK [1][-]{section.B.24}{B.24 Generating a thesis cover and the \215spikblad\216}{appendix.B}% 55
\BOOKMARK [1][-]{section.B.25}{B.25 Required logotypes \(not included with rtthesis\)}{appendix.B}% 56
\BOOKMARK [1][-]{section.B.26}{B.26 Compatibility with standard packages}{appendix.B}% 57
\BOOKMARK [0][]{appendix*.26}{Bibliography}{}% 58
